<?xml version="1.0" encoding="UTF-8"?>
<!-- Generated by org.testng.reporters.JUnitReportReporter -->
<testsuite hostname="a-karman-pc" failures="1" tests="8" name="CalcPageTest" time="54.837" errors="0" timestamp="2022-12-25T16:41:26 GET" skipped="0">
  <testcase classname="CalcPageTest" name="amountLossUSDCalculation" time="7.341"/>
  <system-out/>
  <testcase classname="CalcPageTest" name="countryCheck" time="7.595"/>
  <system-out/>
  <testcase classname="CalcPageTest" name="countryCheck" time="7.988"/>
  <system-out/>
  <testcase classname="CalcPageTest" name="sellEmptied" time="3.832"/>
  <system-out/>
  <testcase classname="CalcPageTest" name="countryCheck" time="8.735"/>
  <system-out/>
  <testcase classname="CalcPageTest" name="countryCheck" time="7.456">
    <failure message="Currency rates haven&#039;t been updated
	did not expect [1.063000] but found [1.063000]" type="java.lang.AssertionError">
      <![CDATA[java.lang.AssertionError: Currency rates haven't been updated
did not expect [1.063000] but found [1.063000]
at org.testng.asserts.SoftAssert.assertAll(SoftAssert.java:46)
at Pages.CalcPage.assertCurrencyUpdates(CalcPage.java:94)
at CalcPageTest.countryCheck(CalcPageTest.java:48)
at java.base/jdk.internal.reflect.NativeMethodAccessorImpl.invoke0(Native Method)
at java.base/jdk.internal.reflect.NativeMethodAccessorImpl.invoke(NativeMethodAccessorImpl.java:62)
at java.base/jdk.internal.reflect.DelegatingMethodAccessorImpl.invoke(DelegatingMethodAccessorImpl.java:43)
at java.base/java.lang.reflect.Method.invoke(Method.java:566)
at org.testng.internal.invokers.MethodInvocationHelper.invokeMethod(MethodInvocationHelper.java:139)
at org.testng.internal.invokers.TestInvoker.invokeMethod(TestInvoker.java:677)
at org.testng.internal.invokers.TestInvoker.invokeTestMethod(TestInvoker.java:221)
at org.testng.internal.invokers.MethodRunner.runInSequence(MethodRunner.java:50)
at org.testng.internal.invokers.TestInvoker$MethodInvocationAgent.invoke(TestInvoker.java:962)
at org.testng.internal.invokers.TestInvoker.invokeTestMethods(TestInvoker.java:194)
at org.testng.internal.invokers.TestMethodWorker.invokeTestMethods(TestMethodWorker.java:148)
at org.testng.internal.invokers.TestMethodWorker.run(TestMethodWorker.java:128)
at java.base/java.util.ArrayList.forEach(ArrayList.java:1541)
at org.testng.TestRunner.privateRun(TestRunner.java:806)
at org.testng.TestRunner.run(TestRunner.java:601)
at org.testng.SuiteRunner.runTest(SuiteRunner.java:433)
at org.testng.SuiteRunner.runSequentially(SuiteRunner.java:427)
at org.testng.SuiteRunner.privateRun(SuiteRunner.java:387)
at org.testng.SuiteRunner.run(SuiteRunner.java:330)
at org.testng.SuiteRunnerWorker.runSuite(SuiteRunnerWorker.java:52)
at org.testng.SuiteRunnerWorker.run(SuiteRunnerWorker.java:95)
at org.testng.TestNG.runSuitesSequentially(TestNG.java:1256)
at org.testng.TestNG.runSuitesLocally(TestNG.java:1176)
at org.testng.TestNG.runSuites(TestNG.java:1099)
at org.testng.TestNG.run(TestNG.java:1067)
at org.apache.maven.surefire.testng.TestNGExecutor.run(TestNGExecutor.java:132)
at org.apache.maven.surefire.testng.TestNGDirectoryTestSuite.executeSingleClass(TestNGDirectoryTestSuite.java:112)
at org.apache.maven.surefire.testng.TestNGDirectoryTestSuite.execute(TestNGDirectoryTestSuite.java:99)
at org.apache.maven.surefire.testng.TestNGProvider.invoke(TestNGProvider.java:147)
at org.apache.maven.surefire.booter.ForkedBooter.invokeProviderInSameClassLoader(ForkedBooter.java:290)
at org.apache.maven.surefire.booter.ForkedBooter.runSuitesInProcess(ForkedBooter.java:242)
at org.apache.maven.surefire.booter.ForkedBooter.main(ForkedBooter.java:121)
]]>
    </failure>
  </testcase> <!-- countryCheck -->
  <system-out/>
  <testcase classname="CalcPageTest" name="countryCheck" time="8.772"/>
  <system-out/>
  <testcase classname="CalcPageTest" name="buyEmptied" time="3.118"/>
  <system-out/>
</testsuite> <!-- CalcPageTest -->
